{"level":"verbose","message":"Create User","timestamp":"2017-12-14T00:38:47.314Z"}
{"level":"error","message":"MongoError: E11000 duplicate key error collection: todo-dev.users index: email_1 dup key: { : \"m\" }\n    at Function.MongoError.create (C:\\Users\\mlee0\\Documents\\Documents\\School\\Development Web Application (531)\\Activity\\todo-master\\server\\node_modules\\mongodb-core\\lib\\error.js:31:11)\n    at toError (C:\\Users\\mlee0\\Documents\\Documents\\School\\Development Web Application (531)\\Activity\\todo-master\\server\\node_modules\\mongodb\\lib\\utils.js:139:22)\n    at C:\\Users\\mlee0\\Documents\\Documents\\School\\Development Web Application (531)\\Activity\\todo-master\\server\\node_modules\\mongodb\\lib\\collection.js:668:23\n    at handleCallback (C:\\Users\\mlee0\\Documents\\Documents\\School\\Development Web Application (531)\\Activity\\todo-master\\server\\node_modules\\mongodb\\lib\\utils.js:120:56)\n    at C:\\Users\\mlee0\\Documents\\Documents\\School\\Development Web Application (531)\\Activity\\todo-master\\server\\node_modules\\mongodb\\lib\\bulk\\unordered.js:465:9\n    at handleCallback (C:\\Users\\mlee0\\Documents\\Documents\\School\\Development Web Application (531)\\Activity\\todo-master\\server\\node_modules\\mongodb\\lib\\utils.js:120:56)\n    at resultHandler (C:\\Users\\mlee0\\Documents\\Documents\\School\\Development Web Application (531)\\Activity\\todo-master\\server\\node_modules\\mongodb\\lib\\bulk\\unordered.js:413:5)\n    at C:\\Users\\mlee0\\Documents\\Documents\\School\\Development Web Application (531)\\Activity\\todo-master\\server\\node_modules\\mongodb-core\\lib\\connection\\pool.js:469:18\n    at _combinedTickCallback (internal/process/next_tick.js:131:7)\n    at process._tickCallback (internal/process/next_tick.js:180:9)","timestamp":"2017-12-14T00:38:48.853Z"}
{"level":"verbose","message":"Create User","timestamp":"2017-12-14T00:40:02.231Z"}
{"level":"error","message":"MongoError: E11000 duplicate key error collection: todo-dev.users index: email_1 dup key: { : \"m\" }\n    at Function.MongoError.create (C:\\Users\\mlee0\\Documents\\Documents\\School\\Development Web Application (531)\\Activity\\todo-master\\server\\node_modules\\mongodb-core\\lib\\error.js:31:11)\n    at toError (C:\\Users\\mlee0\\Documents\\Documents\\School\\Development Web Application (531)\\Activity\\todo-master\\server\\node_modules\\mongodb\\lib\\utils.js:139:22)\n    at C:\\Users\\mlee0\\Documents\\Documents\\School\\Development Web Application (531)\\Activity\\todo-master\\server\\node_modules\\mongodb\\lib\\collection.js:668:23\n    at handleCallback (C:\\Users\\mlee0\\Documents\\Documents\\School\\Development Web Application (531)\\Activity\\todo-master\\server\\node_modules\\mongodb\\lib\\utils.js:120:56)\n    at C:\\Users\\mlee0\\Documents\\Documents\\School\\Development Web Application (531)\\Activity\\todo-master\\server\\node_modules\\mongodb\\lib\\bulk\\unordered.js:465:9\n    at handleCallback (C:\\Users\\mlee0\\Documents\\Documents\\School\\Development Web Application (531)\\Activity\\todo-master\\server\\node_modules\\mongodb\\lib\\utils.js:120:56)\n    at resultHandler (C:\\Users\\mlee0\\Documents\\Documents\\School\\Development Web Application (531)\\Activity\\todo-master\\server\\node_modules\\mongodb\\lib\\bulk\\unordered.js:413:5)\n    at C:\\Users\\mlee0\\Documents\\Documents\\School\\Development Web Application (531)\\Activity\\todo-master\\server\\node_modules\\mongodb-core\\lib\\connection\\pool.js:469:18\n    at _combinedTickCallback (internal/process/next_tick.js:131:7)\n    at process._tickCallback (internal/process/next_tick.js:180:9)","timestamp":"2017-12-14T00:40:02.377Z"}
{"level":"verbose","message":"Create User","timestamp":"2017-12-14T00:42:29.172Z"}
{"level":"error","message":"MongoError: E11000 duplicate key error collection: todo-dev.users index: email_1 dup key: { : \"m\" }\n    at Function.MongoError.create (C:\\Users\\mlee0\\Documents\\Documents\\School\\Development Web Application (531)\\Activity\\todo-master\\server\\node_modules\\mongodb-core\\lib\\error.js:31:11)\n    at toError (C:\\Users\\mlee0\\Documents\\Documents\\School\\Development Web Application (531)\\Activity\\todo-master\\server\\node_modules\\mongodb\\lib\\utils.js:139:22)\n    at C:\\Users\\mlee0\\Documents\\Documents\\School\\Development Web Application (531)\\Activity\\todo-master\\server\\node_modules\\mongodb\\lib\\collection.js:668:23\n    at handleCallback (C:\\Users\\mlee0\\Documents\\Documents\\School\\Development Web Application (531)\\Activity\\todo-master\\server\\node_modules\\mongodb\\lib\\utils.js:120:56)\n    at C:\\Users\\mlee0\\Documents\\Documents\\School\\Development Web Application (531)\\Activity\\todo-master\\server\\node_modules\\mongodb\\lib\\bulk\\unordered.js:465:9\n    at handleCallback (C:\\Users\\mlee0\\Documents\\Documents\\School\\Development Web Application (531)\\Activity\\todo-master\\server\\node_modules\\mongodb\\lib\\utils.js:120:56)\n    at resultHandler (C:\\Users\\mlee0\\Documents\\Documents\\School\\Development Web Application (531)\\Activity\\todo-master\\server\\node_modules\\mongodb\\lib\\bulk\\unordered.js:413:5)\n    at C:\\Users\\mlee0\\Documents\\Documents\\School\\Development Web Application (531)\\Activity\\todo-master\\server\\node_modules\\mongodb-core\\lib\\connection\\pool.js:469:18\n    at _combinedTickCallback (internal/process/next_tick.js:131:7)\n    at process._tickCallback (internal/process/next_tick.js:180:9)","timestamp":"2017-12-14T00:42:29.304Z"}
{"level":"verbose","message":"Create User","timestamp":"2017-12-14T00:42:43.510Z"}
{"level":"error","message":"MongoError: E11000 duplicate key error collection: todo-dev.users index: email_1 dup key: { : \"a\" }\n    at Function.MongoError.create (C:\\Users\\mlee0\\Documents\\Documents\\School\\Development Web Application (531)\\Activity\\todo-master\\server\\node_modules\\mongodb-core\\lib\\error.js:31:11)\n    at toError (C:\\Users\\mlee0\\Documents\\Documents\\School\\Development Web Application (531)\\Activity\\todo-master\\server\\node_modules\\mongodb\\lib\\utils.js:139:22)\n    at C:\\Users\\mlee0\\Documents\\Documents\\School\\Development Web Application (531)\\Activity\\todo-master\\server\\node_modules\\mongodb\\lib\\collection.js:668:23\n    at handleCallback (C:\\Users\\mlee0\\Documents\\Documents\\School\\Development Web Application (531)\\Activity\\todo-master\\server\\node_modules\\mongodb\\lib\\utils.js:120:56)\n    at C:\\Users\\mlee0\\Documents\\Documents\\School\\Development Web Application (531)\\Activity\\todo-master\\server\\node_modules\\mongodb\\lib\\bulk\\unordered.js:465:9\n    at handleCallback (C:\\Users\\mlee0\\Documents\\Documents\\School\\Development Web Application (531)\\Activity\\todo-master\\server\\node_modules\\mongodb\\lib\\utils.js:120:56)\n    at resultHandler (C:\\Users\\mlee0\\Documents\\Documents\\School\\Development Web Application (531)\\Activity\\todo-master\\server\\node_modules\\mongodb\\lib\\bulk\\unordered.js:413:5)\n    at C:\\Users\\mlee0\\Documents\\Documents\\School\\Development Web Application (531)\\Activity\\todo-master\\server\\node_modules\\mongodb-core\\lib\\connection\\pool.js:469:18\n    at _combinedTickCallback (internal/process/next_tick.js:131:7)\n    at process._tickCallback (internal/process/next_tick.js:180:9)","timestamp":"2017-12-14T00:42:43.619Z"}
{"level":"verbose","message":"Create User","timestamp":"2017-12-14T00:51:22.223Z"}
{"level":"error","message":"MongoError: E11000 duplicate key error collection: todo-dev.users index: email_1 dup key: { : \"m\" }\n    at Function.MongoError.create (C:\\Users\\mlee0\\Documents\\Documents\\School\\Development Web Application (531)\\Activity\\todo-master\\server\\node_modules\\mongodb-core\\lib\\error.js:31:11)\n    at toError (C:\\Users\\mlee0\\Documents\\Documents\\School\\Development Web Application (531)\\Activity\\todo-master\\server\\node_modules\\mongodb\\lib\\utils.js:139:22)\n    at C:\\Users\\mlee0\\Documents\\Documents\\School\\Development Web Application (531)\\Activity\\todo-master\\server\\node_modules\\mongodb\\lib\\collection.js:668:23\n    at handleCallback (C:\\Users\\mlee0\\Documents\\Documents\\School\\Development Web Application (531)\\Activity\\todo-master\\server\\node_modules\\mongodb\\lib\\utils.js:120:56)\n    at C:\\Users\\mlee0\\Documents\\Documents\\School\\Development Web Application (531)\\Activity\\todo-master\\server\\node_modules\\mongodb\\lib\\bulk\\unordered.js:465:9\n    at handleCallback (C:\\Users\\mlee0\\Documents\\Documents\\School\\Development Web Application (531)\\Activity\\todo-master\\server\\node_modules\\mongodb\\lib\\utils.js:120:56)\n    at resultHandler (C:\\Users\\mlee0\\Documents\\Documents\\School\\Development Web Application (531)\\Activity\\todo-master\\server\\node_modules\\mongodb\\lib\\bulk\\unordered.js:413:5)\n    at C:\\Users\\mlee0\\Documents\\Documents\\School\\Development Web Application (531)\\Activity\\todo-master\\server\\node_modules\\mongodb-core\\lib\\connection\\pool.js:469:18\n    at _combinedTickCallback (internal/process/next_tick.js:131:7)\n    at process._tickCallback (internal/process/next_tick.js:180:9)","timestamp":"2017-12-14T00:51:22.332Z"}
{"level":"verbose","message":"Create User","timestamp":"2017-12-14T00:56:44.725Z"}
{"level":"verbose","message":"Create User","timestamp":"2017-12-14T00:59:34.272Z"}
{"level":"error","message":"MongoError: E11000 duplicate key error collection: todo-dev.users index: email_1 dup key: { : \"m\" }\n    at Function.MongoError.create (C:\\Users\\mlee0\\Documents\\Documents\\School\\Development Web Application (531)\\Activity\\todo-master\\server\\node_modules\\mongodb-core\\lib\\error.js:31:11)\n    at toError (C:\\Users\\mlee0\\Documents\\Documents\\School\\Development Web Application (531)\\Activity\\todo-master\\server\\node_modules\\mongodb\\lib\\utils.js:139:22)\n    at C:\\Users\\mlee0\\Documents\\Documents\\School\\Development Web Application (531)\\Activity\\todo-master\\server\\node_modules\\mongodb\\lib\\collection.js:668:23\n    at handleCallback (C:\\Users\\mlee0\\Documents\\Documents\\School\\Development Web Application (531)\\Activity\\todo-master\\server\\node_modules\\mongodb\\lib\\utils.js:120:56)\n    at C:\\Users\\mlee0\\Documents\\Documents\\School\\Development Web Application (531)\\Activity\\todo-master\\server\\node_modules\\mongodb\\lib\\bulk\\unordered.js:465:9\n    at handleCallback (C:\\Users\\mlee0\\Documents\\Documents\\School\\Development Web Application (531)\\Activity\\todo-master\\server\\node_modules\\mongodb\\lib\\utils.js:120:56)\n    at resultHandler (C:\\Users\\mlee0\\Documents\\Documents\\School\\Development Web Application (531)\\Activity\\todo-master\\server\\node_modules\\mongodb\\lib\\bulk\\unordered.js:413:5)\n    at C:\\Users\\mlee0\\Documents\\Documents\\School\\Development Web Application (531)\\Activity\\todo-master\\server\\node_modules\\mongodb-core\\lib\\connection\\pool.js:469:18\n    at _combinedTickCallback (internal/process/next_tick.js:131:7)\n    at process._tickCallback (internal/process/next_tick.js:180:9)","timestamp":"2017-12-14T00:59:34.381Z"}
{"level":"verbose","message":"Create User","timestamp":"2017-12-14T01:00:12.813Z"}
{"level":"verbose","message":"Create User","timestamp":"2017-12-14T01:00:30.997Z"}
{"level":"verbose","message":"Create User","timestamp":"2017-12-14T01:40:13.283Z"}
{"level":"verbose","message":"Create User","timestamp":"2017-12-14T01:40:28.970Z"}
{"level":"verbose","message":"Create User","timestamp":"2017-12-14T01:40:45.476Z"}
{"level":"verbose","message":"Create User","timestamp":"2017-12-14T01:41:36.466Z"}
{"level":"error","message":"MongoError: E11000 duplicate key error collection: todo-dev.users index: email_1 dup key: { : \"m\" }\n    at Function.MongoError.create (C:\\Users\\mlee0\\Documents\\Documents\\School\\Development Web Application (531)\\Activity\\todo-master\\server\\node_modules\\mongodb-core\\lib\\error.js:31:11)\n    at toError (C:\\Users\\mlee0\\Documents\\Documents\\School\\Development Web Application (531)\\Activity\\todo-master\\server\\node_modules\\mongodb\\lib\\utils.js:139:22)\n    at C:\\Users\\mlee0\\Documents\\Documents\\School\\Development Web Application (531)\\Activity\\todo-master\\server\\node_modules\\mongodb\\lib\\collection.js:668:23\n    at handleCallback (C:\\Users\\mlee0\\Documents\\Documents\\School\\Development Web Application (531)\\Activity\\todo-master\\server\\node_modules\\mongodb\\lib\\utils.js:120:56)\n    at C:\\Users\\mlee0\\Documents\\Documents\\School\\Development Web Application (531)\\Activity\\todo-master\\server\\node_modules\\mongodb\\lib\\bulk\\unordered.js:465:9\n    at handleCallback (C:\\Users\\mlee0\\Documents\\Documents\\School\\Development Web Application (531)\\Activity\\todo-master\\server\\node_modules\\mongodb\\lib\\utils.js:120:56)\n    at resultHandler (C:\\Users\\mlee0\\Documents\\Documents\\School\\Development Web Application (531)\\Activity\\todo-master\\server\\node_modules\\mongodb\\lib\\bulk\\unordered.js:413:5)\n    at C:\\Users\\mlee0\\Documents\\Documents\\School\\Development Web Application (531)\\Activity\\todo-master\\server\\node_modules\\mongodb-core\\lib\\connection\\pool.js:469:18\n    at _combinedTickCallback (internal/process/next_tick.js:131:7)\n    at process._tickCallback (internal/process/next_tick.js:180:9)","timestamp":"2017-12-14T01:41:36.573Z"}
{"level":"verbose","message":"Create User","timestamp":"2017-12-14T01:43:02.179Z"}
{"level":"verbose","message":"Create User","timestamp":"2017-12-14T02:01:05.381Z"}
{"level":"verbose","message":"Create User","timestamp":"2017-12-14T02:02:26.847Z"}
{"level":"info","message":"Loading Mongoose functionality","timestamp":"2017-12-14T02:17:54.438Z"}
{"level":"info","message":"Mongoose connected to the database","timestamp":"2017-12-14T02:17:56.986Z"}
{"level":"verbose","message":"Create todo","timestamp":"2017-12-14T02:18:02.138Z"}
{"level":"verbose","message":"Create todo","timestamp":"2017-12-14T02:18:02.153Z"}
{"level":"info","message":"Loading Mongoose functionality","timestamp":"2017-12-14T02:19:33.944Z"}
{"level":"info","message":"Mongoose connected to the database","timestamp":"2017-12-14T02:19:34.154Z"}
{"level":"info","message":"Loading Mongoose functionality","timestamp":"2017-12-14T02:20:49.703Z"}
{"level":"info","message":"Mongoose connected to the database","timestamp":"2017-12-14T02:20:49.969Z"}
{"level":"info","message":"Loading Mongoose functionality","timestamp":"2017-12-14T02:21:09.367Z"}
{"level":"info","message":"Mongoose connected to the database","timestamp":"2017-12-14T02:21:09.584Z"}
{"level":"verbose","message":"Get all todos","timestamp":"2017-12-14T02:21:13.153Z"}
{"level":"verbose","message":"Create todo","timestamp":"2017-12-14T02:22:05.195Z"}
{"level":"verbose","message":"Get all todos","timestamp":"2017-12-14T02:22:24.302Z"}
{"level":"info","message":"Loading Mongoose functionality","timestamp":"2017-12-14T02:23:13.968Z"}
{"level":"info","message":"Mongoose connected to the database","timestamp":"2017-12-14T02:23:14.190Z"}
{"level":"info","message":"Loading Mongoose functionality","timestamp":"2017-12-14T02:23:35.128Z"}
{"level":"info","message":"Mongoose connected to the database","timestamp":"2017-12-14T02:23:35.353Z"}
{"level":"info","message":"Loading Mongoose functionality","timestamp":"2017-12-14T22:12:29.724Z"}
{"level":"info","message":"Mongoose connected to the database","timestamp":"2017-12-14T22:12:39.323Z"}
{"level":"verbose","message":"Get all todos","timestamp":"2017-12-14T22:15:12.775Z"}
{"level":"verbose","message":"Create todo","timestamp":"2017-12-14T22:16:14.790Z"}
{"level":"verbose","message":"Create todo","timestamp":"2017-12-14T22:16:16.141Z"}
{"level":"verbose","message":"Create todo","timestamp":"2017-12-14T22:16:16.963Z"}
{"level":"verbose","message":"Create todo","timestamp":"2017-12-14T22:16:17.163Z"}
{"level":"verbose","message":"Create todo","timestamp":"2017-12-14T22:17:46.006Z"}
{"level":"verbose","message":"Get all todos","timestamp":"2017-12-14T22:19:05.351Z"}
{"level":"verbose","message":"Create todo","timestamp":"2017-12-14T22:19:38.448Z"}
{"level":"verbose","message":"Get all todos","timestamp":"2017-12-14T22:19:46.571Z"}
{"level":"info","message":"Loading Mongoose functionality","timestamp":"2017-12-14T22:21:18.356Z"}
{"level":"info","message":"Mongoose connected to the database","timestamp":"2017-12-14T22:21:18.566Z"}
{"level":"verbose","message":"Get all todos","timestamp":"2017-12-14T22:21:27.224Z"}
{"level":"info","message":"Loading Mongoose functionality","timestamp":"2017-12-14T22:21:51.029Z"}
{"level":"info","message":"Mongoose connected to the database","timestamp":"2017-12-14T22:21:51.270Z"}
{"level":"verbose","message":"Get all todos","timestamp":"2017-12-14T22:22:54.249Z"}
{"level":"verbose","message":"Update todo 5a32f82eb1b9f44404118019","timestamp":"2017-12-14T22:23:35.555Z"}
{"level":"error","message":"ReferenceError: ToDo is not defined\n    at C:\\Users\\mlee0\\Documents\\Documents\\School\\Development Web Application (531)\\Activity\\todo-master\\server\\app\\controllers\\todos.js:88:5\n    at Layer.handle [as handle_request] (C:\\Users\\mlee0\\Documents\\Documents\\School\\Development Web Application (531)\\Activity\\todo-master\\server\\node_modules\\express\\lib\\router\\layer.js:95:5)\n    at next (C:\\Users\\mlee0\\Documents\\Documents\\School\\Development Web Application (531)\\Activity\\todo-master\\server\\node_modules\\express\\lib\\router\\route.js:137:13)\n    at Route.dispatch (C:\\Users\\mlee0\\Documents\\Documents\\School\\Development Web Application (531)\\Activity\\todo-master\\server\\node_modules\\express\\lib\\router\\route.js:112:3)\n    at Layer.handle [as handle_request] (C:\\Users\\mlee0\\Documents\\Documents\\School\\Development Web Application (531)\\Activity\\todo-master\\server\\node_modules\\express\\lib\\router\\layer.js:95:5)\n    at C:\\Users\\mlee0\\Documents\\Documents\\School\\Development Web Application (531)\\Activity\\todo-master\\server\\node_modules\\express\\lib\\router\\index.js:281:22\n    at param (C:\\Users\\mlee0\\Documents\\Documents\\School\\Development Web Application (531)\\Activity\\todo-master\\server\\node_modules\\express\\lib\\router\\index.js:354:14)\n    at param (C:\\Users\\mlee0\\Documents\\Documents\\School\\Development Web Application (531)\\Activity\\todo-master\\server\\node_modules\\express\\lib\\router\\index.js:365:14)\n    at Function.process_params (C:\\Users\\mlee0\\Documents\\Documents\\School\\Development Web Application (531)\\Activity\\todo-master\\server\\node_modules\\express\\lib\\router\\index.js:410:3)\n    at next (C:\\Users\\mlee0\\Documents\\Documents\\School\\Development Web Application (531)\\Activity\\todo-master\\server\\node_modules\\express\\lib\\router\\index.js:275:10)\n    at Function.handle (C:\\Users\\mlee0\\Documents\\Documents\\School\\Development Web Application (531)\\Activity\\todo-master\\server\\node_modules\\express\\lib\\router\\index.js:174:3)\n    at router (C:\\Users\\mlee0\\Documents\\Documents\\School\\Development Web Application (531)\\Activity\\todo-master\\server\\node_modules\\express\\lib\\router\\index.js:47:12)\n    at Layer.handle [as handle_request] (C:\\Users\\mlee0\\Documents\\Documents\\School\\Development Web Application (531)\\Activity\\todo-master\\server\\node_modules\\express\\lib\\router\\layer.js:95:5)\n    at trim_prefix (C:\\Users\\mlee0\\Documents\\Documents\\School\\Development Web Application (531)\\Activity\\todo-master\\server\\node_modules\\express\\lib\\router\\index.js:317:13)\n    at C:\\Users\\mlee0\\Documents\\Documents\\School\\Development Web Application (531)\\Activity\\todo-master\\server\\node_modules\\express\\lib\\router\\index.js:284:7\n    at Function.process_params (C:\\Users\\mlee0\\Documents\\Documents\\School\\Development Web Application (531)\\Activity\\todo-master\\server\\node_modules\\express\\lib\\router\\index.js:335:12)","timestamp":"2017-12-14T22:23:35.557Z"}
{"level":"info","message":"Loading Mongoose functionality","timestamp":"2017-12-14T22:26:36.350Z"}
{"level":"info","message":"Mongoose connected to the database","timestamp":"2017-12-14T22:26:36.575Z"}
{"level":"verbose","message":"Update todo 5a32f830b1b9f4440411801a","timestamp":"2017-12-14T22:27:07.028Z"}
{"level":"verbose","message":"Get all todos","timestamp":"2017-12-14T22:27:27.102Z"}
{"level":"verbose","message":"Create todo","timestamp":"2017-12-14T22:27:55.706Z"}
{"level":"verbose","message":"Upload file for todo 5a32faebe7fcbb36084c1a97 and 5a31d69d059ee73130559674","timestamp":"2017-12-14T22:27:55.765Z"}
{"level":"verbose","message":"Get all todos","timestamp":"2017-12-14T22:28:06.754Z"}
{"level":"verbose","message":"Update todo 5a32f830b1b9f4440411801a","timestamp":"2017-12-14T22:29:35.604Z"}
{"level":"verbose","message":"Get all todos","timestamp":"2017-12-14T22:29:50.546Z"}
{"level":"info","message":"Loading Mongoose functionality","timestamp":"2017-12-14T22:52:41.827Z"}
{"level":"info","message":"Loading Mongoose functionality","timestamp":"2017-12-14T22:53:44.792Z"}
{"level":"info","message":"Loading Mongoose functionality","timestamp":"2017-12-14T22:55:23.341Z"}
{"level":"info","message":"Mongoose connected to the database","timestamp":"2017-12-14T22:55:23.551Z"}
{"level":"info","message":"Loading Mongoose functionality","timestamp":"2017-12-14T22:57:23.064Z"}
{"level":"info","message":"Mongoose connected to the database","timestamp":"2017-12-14T22:57:23.272Z"}
{"level":"info","message":"Loading Mongoose functionality","timestamp":"2017-12-14T22:57:28.485Z"}
{"level":"info","message":"Mongoose connected to the database","timestamp":"2017-12-14T22:57:28.726Z"}
